<?xml version="1.0" encoding="UTF-8" ?>
<testsuite tests="36" failures="1" name="es.uv.gii.ligaajedrez.modelo.LigaTest" time="12.651" errors="0" skipped="0">
  <properties>
[...]
</properties>
  <testcase classname="es.uv.gii.ligaajedrez.modelo.LigaTest" name="es.uv.gii.ligaajedrez.modelo.LigaTest.testSetUsuario" time="0.001"/>
  <testcase classname="es.uv.gii.ligaajedrez.modelo.LigaTest" name="es.uv.gii.ligaajedrez.modelo.LigaTest.testCrearTorneo" time="0"/>
  <testcase classname="es.uv.gii.ligaajedrez.modelo.LigaTest" name="es.uv.gii.ligaajedrez.modelo.LigaTest.testCrearJugador" time="0"/>
  <testcase classname="es.uv.gii.ligaajedrez.modelo.LigaTest" name="es.uv.gii.ligaajedrez.modelo.LigaTest.testCrearClub" time="0"/>
  <testcase classname="es.uv.gii.ligaajedrez.modelo.LigaTest" name="es.uv.gii.ligaajedrez.modelo.LigaTest.testCrearPartida" time="0"/>
  <testcase classname="es.uv.gii.ligaajedrez.modelo.LigaTest" name="es.uv.gii.ligaajedrez.modelo.LigaTest.testSetGanadorPartida" time="0"/>
  <testcase classname="es.uv.gii.ligaajedrez.modelo.LigaTest" name="es.uv.gii.ligaajedrez.modelo.LigaTest.testEliminarGerente" time="0"/>
  <testcase classname="es.uv.gii.ligaajedrez.modelo.LigaTest" name="es.uv.gii.ligaajedrez.modelo.LigaTest.testConsultarSedes" time="0"/>
  <testcase classname="es.uv.gii.ligaajedrez.modelo.LigaTest" name="es.uv.gii.ligaajedrez.modelo.LigaTest.testRemoveJugadorMoroso" time="0"/>
  <testcase classname="es.uv.gii.ligaajedrez.modelo.LigaTest" name="es.uv.gii.ligaajedrez.modelo.LigaTest.testConsultarGerentes" time="0"/>
  <testcase classname="es.uv.gii.ligaajedrez.modelo.LigaTest" name="es.uv.gii.ligaajedrez.modelo.LigaTest.testEliminarJugador" time="0"/>
  <testcase classname="es.uv.gii.ligaajedrez.modelo.LigaTest" name="es.uv.gii.ligaajedrez.modelo.LigaTest.testConsultarPartidasJugador" time="0"/>
  <testcase classname="es.uv.gii.ligaajedrez.modelo.LigaTest" name="es.uv.gii.ligaajedrez.modelo.LigaTest.testConsultarFederaciones" time="0"/>
  <testcase classname="es.uv.gii.ligaajedrez.modelo.LigaTest" name="es.uv.gii.ligaajedrez.modelo.LigaTest.testRegistrarEnTorneo" time="0"/>
  <testcase classname="es.uv.gii.ligaajedrez.modelo.LigaTest" name="es.uv.gii.ligaajedrez.modelo.LigaTest.testModificarGerente" time="0"/>
  <testcase classname="es.uv.gii.ligaajedrez.modelo.LigaTest" name="es.uv.gii.ligaajedrez.modelo.LigaTest.testConsultaEntrenadores" time="0"/>
  <testcase classname="es.uv.gii.ligaajedrez.modelo.LigaTest" name="es.uv.gii.ligaajedrez.modelo.LigaTest.testNuevoEntrenador" time="0"/>
  <testcase classname="es.uv.gii.ligaajedrez.modelo.LigaTest" name="es.uv.gii.ligaajedrez.modelo.LigaTest.testAsignarClubEntrenador" time="0"/>
  <testcase classname="es.uv.gii.ligaajedrez.modelo.LigaTest" name="es.uv.gii.ligaajedrez.modelo.LigaTest.testTorneosDisponibles" time="0"/>
  <testcase classname="es.uv.gii.ligaajedrez.modelo.LigaTest" name="es.uv.gii.ligaajedrez.modelo.LigaTest.testReservarSede_5args" time="0"/>
  <testcase classname="es.uv.gii.ligaajedrez.modelo.LigaTest" name="es.uv.gii.ligaajedrez.modelo.LigaTest.testBuscarReserva" time="0"/>
  <testcase classname="es.uv.gii.ligaajedrez.modelo.LigaTest" name="es.uv.gii.ligaajedrez.modelo.LigaTest.testConsultarEntrenadores" time="0"/>
  <testcase classname="es.uv.gii.ligaajedrez.modelo.LigaTest" name="es.uv.gii.ligaajedrez.modelo.LigaTest.testReservarSede_3args" time="0"/>
  <testcase classname="es.uv.gii.ligaajedrez.modelo.LigaTest" name="es.uv.gii.ligaajedrez.modelo.LigaTest.testEliminarEntrenador" time="0"/>
  <testcase classname="es.uv.gii.ligaajedrez.modelo.LigaTest" name="es.uv.gii.ligaajedrez.modelo.LigaTest.testConsultarTorneos" time="0"/>
  <testcase classname="es.uv.gii.ligaajedrez.modelo.LigaTest" name="es.uv.gii.ligaajedrez.modelo.LigaTest.testConsultarJugadores" time="0"/>
  <testcase classname="es.uv.gii.ligaajedrez.modelo.LigaTest" name="es.uv.gii.ligaajedrez.modelo.LigaTest.testConsultarTodosJugadores" time="0"/>
  <testcase classname="es.uv.gii.ligaajedrez.modelo.LigaTest" name="es.uv.gii.ligaajedrez.modelo.LigaTest.testModificarJugador" time="0"/>
  <testcase classname="es.uv.gii.ligaajedrez.modelo.LigaTest" name="es.uv.gii.ligaajedrez.modelo.LigaTest.testModificarEntrenador" time="0"/>
  <testcase classname="es.uv.gii.ligaajedrez.modelo.LigaTest" name="es.uv.gii.ligaajedrez.modelo.LigaTest.testConsultarClubs" time="0"/>
  <testcase classname="es.uv.gii.ligaajedrez.modelo.LigaTest" name="es.uv.gii.ligaajedrez.modelo.LigaTest.testRegistrarMoroso" time="0"/>
  <testcase classname="es.uv.gii.ligaajedrez.modelo.LigaTest" name="es.uv.gii.ligaajedrez.modelo.LigaTest.testPagarMulta" time="0"/>
  <testcase classname="es.uv.gii.ligaajedrez.modelo.LigaTest" name="es.uv.gii.ligaajedrez.modelo.LigaTest.testLogin" time="0"/>
  <testcase classname="es.uv.gii.ligaajedrez.modelo.LigaTest" name="es.uv.gii.ligaajedrez.modelo.LigaTest.testNuevoGerente" time="0"/>
  <testcase classname="es.uv.gii.ligaajedrez.modelo.LigaTest" name="es.uv.gii.ligaajedrez.modelo.LigaTest.testSaveData" time="0"/>
  <testcase classname="es.uv.gii.ligaajedrez.modelo.LigaTest" name="es.uv.gii.ligaajedrez.modelo.LigaTest.testAsignarClubGerente" time="12.65">
    <failure message="-1" type="java.lang.ArrayIndexOutOfBoundsException">java.lang.ArrayIndexOutOfBoundsException: -1
	at java.util.ArrayList.elementData(ArrayList.java:418)
	at java.util.ArrayList.get(ArrayList.java:431)
	at es.uv.gii.ligaajedrez.modelo.Liga.asignarClubGerente(Liga.java:472)
	at es.uv.gii.ligaajedrez.modelo.LigaTest.testAsignarClubGerente(LigaTest.java:182)
</failure>
  </testcase>
</testsuite>